[2021-05-30 15:05:01] local.ERROR: syntax error, unexpected '$table' (T_VARIABLE) {"exception":"[object] (ParseError(code: 0): syntax error, unexpected '$table' (T_VARIABLE) at D:\\office\\xampp_server\\htdocs\\MOE\\MOE-EMIS\\acadamics\\database\\migrations\\2021_04_07_065958_aca_student_assessment.php:25)
[stacktrace]
#0 D:\\office\\xampp_server\\htdocs\\MOE\\MOE-EMIS\\acadamics\\vendor\\illuminate\\filesystem\\Filesystem.php(131): Illuminate\\Filesystem\\Filesystem::Illuminate\\Filesystem\\{closure}()
#1 D:\\office\\xampp_server\\htdocs\\MOE\\MOE-EMIS\\acadamics\\vendor\\illuminate\\database\\Migrations\\Migrator.php(482): Illuminate\\Filesystem\\Filesystem->requireOnce('D:\\\\office\\\\xampp...')
#2 D:\\office\\xampp_server\\htdocs\\MOE\\MOE-EMIS\\acadamics\\vendor\\illuminate\\database\\Migrations\\Migrator.php(104): Illuminate\\Database\\Migrations\\Migrator->requireFiles(Array)
#3 D:\\office\\xampp_server\\htdocs\\MOE\\MOE-EMIS\\acadamics\\vendor\\illuminate\\database\\Console\\Migrations\\MigrateCommand.php(85): Illuminate\\Database\\Migrations\\Migrator->run(Array, Array)
#4 D:\\office\\xampp_server\\htdocs\\MOE\\MOE-EMIS\\acadamics\\vendor\\illuminate\\database\\Migrations\\Migrator.php(541): Illuminate\\Database\\Console\\Migrations\\MigrateCommand->Illuminate\\Database\\Console\\Migrations\\{closure}()
#5 D:\\office\\xampp_server\\htdocs\\MOE\\MOE-EMIS\\acadamics\\vendor\\illuminate\\database\\Console\\Migrations\\MigrateCommand.php(94): Illuminate\\Database\\Migrations\\Migrator->usingConnection(NULL, Object(Closure))
#6 D:\\office\\xampp_server\\htdocs\\MOE\\MOE-EMIS\\acadamics\\vendor\\illuminate\\container\\BoundMethod.php(36): Illuminate\\Database\\Console\\Migrations\\MigrateCommand->handle()
#7 D:\\office\\xampp_server\\htdocs\\MOE\\MOE-EMIS\\acadamics\\vendor\\illuminate\\container\\Util.php(40): Illuminate\\Container\\BoundMethod::Illuminate\\Container\\{closure}()
#8 D:\\office\\xampp_server\\htdocs\\MOE\\MOE-EMIS\\acadamics\\vendor\\illuminate\\container\\BoundMethod.php(93): Illuminate\\Container\\Util::unwrapIfClosure(Object(Closure))
#9 D:\\office\\xampp_server\\htdocs\\MOE\\MOE-EMIS\\acadamics\\vendor\\illuminate\\container\\BoundMethod.php(37): Illuminate\\Container\\BoundMethod::callBoundMethod(Object(Laravel\\Lumen\\Application), Array, Object(Closure))
#10 D:\\office\\xampp_server\\htdocs\\MOE\\MOE-EMIS\\acadamics\\vendor\\illuminate\\container\\Container.php(611): Illuminate\\Container\\BoundMethod::call(Object(Laravel\\Lumen\\Application), Array, Array, NULL)
#11 D:\\office\\xampp_server\\htdocs\\MOE\\MOE-EMIS\\acadamics\\vendor\\illuminate\\console\\Command.php(136): Illuminate\\Container\\Container->call(Array)
#12 D:\\office\\xampp_server\\htdocs\\MOE\\MOE-EMIS\\acadamics\\vendor\\symfony\\console\\Command\\Command.php(256): Illuminate\\Console\\Command->execute(Object(Symfony\\Component\\Console\\Input\\ArgvInput), Object(Illuminate\\Console\\OutputStyle))
#13 D:\\office\\xampp_server\\htdocs\\MOE\\MOE-EMIS\\acadamics\\vendor\\illuminate\\console\\Command.php(121): Symfony\\Component\\Console\\Command\\Command->run(Object(Symfony\\Component\\Console\\Input\\ArgvInput), Object(Illuminate\\Console\\OutputStyle))
#14 D:\\office\\xampp_server\\htdocs\\MOE\\MOE-EMIS\\acadamics\\vendor\\symfony\\console\\Application.php(971): Illuminate\\Console\\Command->run(Object(Symfony\\Component\\Console\\Input\\ArgvInput), Object(Symfony\\Component\\Console\\Output\\ConsoleOutput))
#15 D:\\office\\xampp_server\\htdocs\\MOE\\MOE-EMIS\\acadamics\\vendor\\symfony\\console\\Application.php(290): Symfony\\Component\\Console\\Application->doRunCommand(Object(Illuminate\\Database\\Console\\Migrations\\MigrateCommand), Object(Symfony\\Component\\Console\\Input\\ArgvInput), Object(Symfony\\Component\\Console\\Output\\ConsoleOutput))
#16 D:\\office\\xampp_server\\htdocs\\MOE\\MOE-EMIS\\acadamics\\vendor\\symfony\\console\\Application.php(166): Symfony\\Component\\Console\\Application->doRun(Object(Symfony\\Component\\Console\\Input\\ArgvInput), Object(Symfony\\Component\\Console\\Output\\ConsoleOutput))
#17 D:\\office\\xampp_server\\htdocs\\MOE\\MOE-EMIS\\acadamics\\vendor\\illuminate\\console\\Application.php(92): Symfony\\Component\\Console\\Application->run(Object(Symfony\\Component\\Console\\Input\\ArgvInput), Object(Symfony\\Component\\Console\\Output\\ConsoleOutput))
#18 D:\\office\\xampp_server\\htdocs\\MOE\\MOE-EMIS\\acadamics\\vendor\\laravel\\lumen-framework\\src\\Console\\Kernel.php(116): Illuminate\\Console\\Application->run(Object(Symfony\\Component\\Console\\Input\\ArgvInput), Object(Symfony\\Component\\Console\\Output\\ConsoleOutput))
#19 D:\\office\\xampp_server\\htdocs\\MOE\\MOE-EMIS\\acadamics\\artisan(35): Laravel\\Lumen\\Console\\Kernel->handle(Object(Symfony\\Component\\Console\\Input\\ArgvInput), Object(Symfony\\Component\\Console\\Output\\ConsoleOutput))
#20 {main}
"} 
[2021-05-30 16:18:19] local.ERROR: syntax error, unexpected '$table' (T_VARIABLE) {"exception":"[object] (ParseError(code: 0): syntax error, unexpected '$table' (T_VARIABLE) at D:\\office\\xampp_server\\htdocs\\MOE\\MOE-EMIS\\acadamics\\database\\migrations\\2021_04_07_065958_aca_student_assessment.php:25)
[stacktrace]
#0 D:\\office\\xampp_server\\htdocs\\MOE\\MOE-EMIS\\acadamics\\vendor\\illuminate\\filesystem\\Filesystem.php(131): Illuminate\\Filesystem\\Filesystem::Illuminate\\Filesystem\\{closure}()
#1 D:\\office\\xampp_server\\htdocs\\MOE\\MOE-EMIS\\acadamics\\vendor\\illuminate\\database\\Migrations\\Migrator.php(482): Illuminate\\Filesystem\\Filesystem->requireOnce('D:\\\\office\\\\xampp...')
#2 D:\\office\\xampp_server\\htdocs\\MOE\\MOE-EMIS\\acadamics\\vendor\\illuminate\\database\\Migrations\\Migrator.php(104): Illuminate\\Database\\Migrations\\Migrator->requireFiles(Array)
#3 D:\\office\\xampp_server\\htdocs\\MOE\\MOE-EMIS\\acadamics\\vendor\\illuminate\\database\\Console\\Migrations\\MigrateCommand.php(85): Illuminate\\Database\\Migrations\\Migrator->run(Array, Array)
#4 D:\\office\\xampp_server\\htdocs\\MOE\\MOE-EMIS\\acadamics\\vendor\\illuminate\\database\\Migrations\\Migrator.php(541): Illuminate\\Database\\Console\\Migrations\\MigrateCommand->Illuminate\\Database\\Console\\Migrations\\{closure}()
#5 D:\\office\\xampp_server\\htdocs\\MOE\\MOE-EMIS\\acadamics\\vendor\\illuminate\\database\\Console\\Migrations\\MigrateCommand.php(94): Illuminate\\Database\\Migrations\\Migrator->usingConnection(NULL, Object(Closure))
#6 D:\\office\\xampp_server\\htdocs\\MOE\\MOE-EMIS\\acadamics\\vendor\\illuminate\\container\\BoundMethod.php(36): Illuminate\\Database\\Console\\Migrations\\MigrateCommand->handle()
#7 D:\\office\\xampp_server\\htdocs\\MOE\\MOE-EMIS\\acadamics\\vendor\\illuminate\\container\\Util.php(40): Illuminate\\Container\\BoundMethod::Illuminate\\Container\\{closure}()
#8 D:\\office\\xampp_server\\htdocs\\MOE\\MOE-EMIS\\acadamics\\vendor\\illuminate\\container\\BoundMethod.php(93): Illuminate\\Container\\Util::unwrapIfClosure(Object(Closure))
#9 D:\\office\\xampp_server\\htdocs\\MOE\\MOE-EMIS\\acadamics\\vendor\\illuminate\\container\\BoundMethod.php(37): Illuminate\\Container\\BoundMethod::callBoundMethod(Object(Laravel\\Lumen\\Application), Array, Object(Closure))
#10 D:\\office\\xampp_server\\htdocs\\MOE\\MOE-EMIS\\acadamics\\vendor\\illuminate\\container\\Container.php(611): Illuminate\\Container\\BoundMethod::call(Object(Laravel\\Lumen\\Application), Array, Array, NULL)
#11 D:\\office\\xampp_server\\htdocs\\MOE\\MOE-EMIS\\acadamics\\vendor\\illuminate\\console\\Command.php(136): Illuminate\\Container\\Container->call(Array)
#12 D:\\office\\xampp_server\\htdocs\\MOE\\MOE-EMIS\\acadamics\\vendor\\symfony\\console\\Command\\Command.php(256): Illuminate\\Console\\Command->execute(Object(Symfony\\Component\\Console\\Input\\ArgvInput), Object(Illuminate\\Console\\OutputStyle))
#13 D:\\office\\xampp_server\\htdocs\\MOE\\MOE-EMIS\\acadamics\\vendor\\illuminate\\console\\Command.php(121): Symfony\\Component\\Console\\Command\\Command->run(Object(Symfony\\Component\\Console\\Input\\ArgvInput), Object(Illuminate\\Console\\OutputStyle))
#14 D:\\office\\xampp_server\\htdocs\\MOE\\MOE-EMIS\\acadamics\\vendor\\symfony\\console\\Application.php(971): Illuminate\\Console\\Command->run(Object(Symfony\\Component\\Console\\Input\\ArgvInput), Object(Symfony\\Component\\Console\\Output\\ConsoleOutput))
#15 D:\\office\\xampp_server\\htdocs\\MOE\\MOE-EMIS\\acadamics\\vendor\\symfony\\console\\Application.php(290): Symfony\\Component\\Console\\Application->doRunCommand(Object(Illuminate\\Database\\Console\\Migrations\\MigrateCommand), Object(Symfony\\Component\\Console\\Input\\ArgvInput), Object(Symfony\\Component\\Console\\Output\\ConsoleOutput))
#16 D:\\office\\xampp_server\\htdocs\\MOE\\MOE-EMIS\\acadamics\\vendor\\symfony\\console\\Application.php(166): Symfony\\Component\\Console\\Application->doRun(Object(Symfony\\Component\\Console\\Input\\ArgvInput), Object(Symfony\\Component\\Console\\Output\\ConsoleOutput))
#17 D:\\office\\xampp_server\\htdocs\\MOE\\MOE-EMIS\\acadamics\\vendor\\illuminate\\console\\Application.php(92): Symfony\\Component\\Console\\Application->run(Object(Symfony\\Component\\Console\\Input\\ArgvInput), Object(Symfony\\Component\\Console\\Output\\ConsoleOutput))
#18 D:\\office\\xampp_server\\htdocs\\MOE\\MOE-EMIS\\acadamics\\vendor\\laravel\\lumen-framework\\src\\Console\\Kernel.php(116): Illuminate\\Console\\Application->run(Object(Symfony\\Component\\Console\\Input\\ArgvInput), Object(Symfony\\Component\\Console\\Output\\ConsoleOutput))
#19 D:\\office\\xampp_server\\htdocs\\MOE\\MOE-EMIS\\acadamics\\artisan(35): Laravel\\Lumen\\Console\\Kernel->handle(Object(Symfony\\Component\\Console\\Input\\ArgvInput), Object(Symfony\\Component\\Console\\Output\\ConsoleOutput))
#20 {main}
"} 
